0 info it worked if it ends with ok
1 verbose cli [ 'node',
1 verbose cli   '/usr/local/bin/npm',
1 verbose cli   'install',
1 verbose cli   'https://github.com/jspm/jspm-cli.git#0.14.0',
1 verbose cli   '-g' ]
2 info using npm@1.4.28
3 info using node@v0.10.35
4 verbose cache add [ 'https://github.com/jspm/jspm-cli.git#0.14.0', null ]
5 verbose cache add name=undefined spec="https://github.com/jspm/jspm-cli.git#0.14.0" args=["https://github.com/jspm/jspm-cli.git#0.14.0",null]
6 verbose parsed url { protocol: 'https:',
6 verbose parsed url   slashes: true,
6 verbose parsed url   auth: null,
6 verbose parsed url   host: 'github.com',
6 verbose parsed url   port: null,
6 verbose parsed url   hostname: 'github.com',
6 verbose parsed url   hash: '#0.14.0',
6 verbose parsed url   search: null,
6 verbose parsed url   query: null,
6 verbose parsed url   pathname: '/jspm/jspm-cli.git',
6 verbose parsed url   path: '/jspm/jspm-cli.git',
6 verbose parsed url   href: 'https://github.com/jspm/jspm-cli.git#0.14.0' }
7 silly lockFile b840e845-hub-com-jspm-jspm-cli-git-0-14-0 https://github.com/jspm/jspm-cli.git#0.14.0
8 verbose lock https://github.com/jspm/jspm-cli.git#0.14.0 /Users/kmarinkovic/.npm/b840e845-hub-com-jspm-jspm-cli-git-0-14-0.lock
9 verbose addRemoteTarball [ 'https://github.com/jspm/jspm-cli.git#0.14.0', null ]
10 info retry fetch attempt 1 at 13:29:35
11 verbose fetch to= /tmp/npm-94254-IdU6G2Xz/github.com/jspm/jspm-cli.git
12 http GET https://github.com/jspm/jspm-cli.git#0.14.0
13 http 200 https://github.com/jspm/jspm-cli.git#0.14.0
14 verbose tar unpack /tmp/npm-94254-IdU6G2Xz/github.com/jspm/jspm-cli.git
15 silly lockFile b8636d9c-hub-com-jspm-jspm-cli-git-unpack tar:///tmp/npm-94254-IdU6G2Xz/github.com/jspm/jspm-cli.git-unpack
16 verbose lock tar:///tmp/npm-94254-IdU6G2Xz/github.com/jspm/jspm-cli.git-unpack /Users/kmarinkovic/.npm/b8636d9c-hub-com-jspm-jspm-cli-git-unpack.lock
17 silly lockFile 3b5a0522-2Xz-github-com-jspm-jspm-cli-git tar:///tmp/npm-94254-IdU6G2Xz/github.com/jspm/jspm-cli.git
18 verbose lock tar:///tmp/npm-94254-IdU6G2Xz/github.com/jspm/jspm-cli.git /Users/kmarinkovic/.npm/3b5a0522-2Xz-github-com-jspm-jspm-cli-git.lock
19 silly gunzTarPerm modes [ '755', '644' ]
20 error not a package /tmp/npm-94254-IdU6G2Xz/github.com/jspm/jspm-cli.git
21 silly lockFile b8636d9c-hub-com-jspm-jspm-cli-git-unpack tar:///tmp/npm-94254-IdU6G2Xz/github.com/jspm/jspm-cli.git-unpack
22 silly lockFile b8636d9c-hub-com-jspm-jspm-cli-git-unpack tar:///tmp/npm-94254-IdU6G2Xz/github.com/jspm/jspm-cli.git-unpack
23 silly lockFile 3b5a0522-2Xz-github-com-jspm-jspm-cli-git tar:///tmp/npm-94254-IdU6G2Xz/github.com/jspm/jspm-cli.git
24 silly lockFile 3b5a0522-2Xz-github-com-jspm-jspm-cli-git tar:///tmp/npm-94254-IdU6G2Xz/github.com/jspm/jspm-cli.git
25 silly lockFile b840e845-hub-com-jspm-jspm-cli-git-0-14-0 https://github.com/jspm/jspm-cli.git#0.14.0
26 silly lockFile b840e845-hub-com-jspm-jspm-cli-git-0-14-0 https://github.com/jspm/jspm-cli.git#0.14.0
27 error Error: ENOENT, open '/tmp/npm-94254-IdU6G2Xz/github.com/jspm/jspm-cli.git-unpack/package.json'
28 error If you need help, you may report this *entire* log,
28 error including the npm and node versions, at:
28 error     <http://github.com/npm/npm/issues>
29 error System Darwin 13.4.0
30 error command "node" "/usr/local/bin/npm" "install" "https://github.com/jspm/jspm-cli.git#0.14.0" "-g"
31 error cwd /Users/kmarinkovic/work/workspace/redbull.com/systemloader
32 error node -v v0.10.35
33 error npm -v 1.4.28
34 error path /tmp/npm-94254-IdU6G2Xz/github.com/jspm/jspm-cli.git-unpack/package.json
35 error code ENOENT
36 error errno 34
37 verbose exit [ 34, true ]
